2024-02-12 20:45:27,075 [Worker-7: Loading available Gradle versions] INFO  o.e.b.c.i.u.g.PublishedGradleVersions - Gradle version information cache is up-to-date. Trying to read.
2024-02-12 20:48:07,750 [Worker-8: Loading available Gradle versions] INFO  o.e.b.c.i.u.g.PublishedGradleVersions - Gradle version information cache is up-to-date. Trying to read.
2024-02-12 20:50:03,165 [Worker-16: Launching mavenrun-41b227c2-6ee4-4e06-9902-2f9905ee1725] INFO  o.eclipse.m2e.core.internal.Bundles - getClasspathEntries(Bundle=org.eclipse.m2e.maven.runtime_3.8.701.20230209-1606 [607])
2024-02-12 20:50:03,179 [Worker-16: Launching mavenrun-41b227c2-6ee4-4e06-9902-2f9905ee1725] INFO  o.eclipse.m2e.core.internal.Bundles - 	Entry: C:\Users\rahul\.p2\pool\plugins\org.eclipse.m2e.maven.runtime_3.8.701.20230209-1606
2024-02-12 20:50:03,180 [Worker-16: Launching mavenrun-41b227c2-6ee4-4e06-9902-2f9905ee1725] INFO  o.eclipse.m2e.core.internal.Bundles - 	Entry: C:\Users\rahul\.p2\pool\plugins\org.eclipse.m2e.maven.runtime_3.8.701.20230209-1606\jars\aether-connector-okhttp-0.17.8.jar
2024-02-12 20:50:03,182 [Worker-16: Launching mavenrun-41b227c2-6ee4-4e06-9902-2f9905ee1725] INFO  o.eclipse.m2e.core.internal.Bundles - 	Entry: C:\Users\rahul\.p2\pool\plugins\org.eclipse.m2e.maven.runtime_3.8.701.20230209-1606\jars\commons-lang3-3.8.1.jar
2024-02-12 20:50:03,182 [Worker-16: Launching mavenrun-41b227c2-6ee4-4e06-9902-2f9905ee1725] INFO  o.eclipse.m2e.core.internal.Bundles - 	Entry: C:\Users\rahul\.p2\pool\plugins\org.eclipse.m2e.maven.runtime_3.8.701.20230209-1606\jars\guice-4.2.2-no_aop.jar
2024-02-12 20:50:03,182 [Worker-16: Launching mavenrun-41b227c2-6ee4-4e06-9902-2f9905ee1725] INFO  o.eclipse.m2e.core.internal.Bundles - 	Entry: C:\Users\rahul\.p2\pool\plugins\org.eclipse.m2e.maven.runtime_3.8.701.20230209-1606\jars\jansi-2.4.0.jar
2024-02-12 20:50:03,183 [Worker-16: Launching mavenrun-41b227c2-6ee4-4e06-9902-2f9905ee1725] INFO  o.eclipse.m2e.core.internal.Bundles - 	Entry: C:\Users\rahul\.p2\pool\plugins\org.eclipse.m2e.maven.runtime_3.8.701.20230209-1606\jars\maven-artifact-3.8.7.jar
2024-02-12 20:50:03,183 [Worker-16: Launching mavenrun-41b227c2-6ee4-4e06-9902-2f9905ee1725] INFO  o.eclipse.m2e.core.internal.Bundles - 	Entry: C:\Users\rahul\.p2\pool\plugins\org.eclipse.m2e.maven.runtime_3.8.701.20230209-1606\jars\maven-builder-support-3.8.7.jar
2024-02-12 20:50:03,183 [Worker-16: Launching mavenrun-41b227c2-6ee4-4e06-9902-2f9905ee1725] INFO  o.eclipse.m2e.core.internal.Bundles - 	Entry: C:\Users\rahul\.p2\pool\plugins\org.eclipse.m2e.maven.runtime_3.8.701.20230209-1606\jars\maven-compat-3.8.7.jar
2024-02-12 20:50:03,184 [Worker-16: Launching mavenrun-41b227c2-6ee4-4e06-9902-2f9905ee1725] INFO  o.eclipse.m2e.core.internal.Bundles - 	Entry: C:\Users\rahul\.p2\pool\plugins\org.eclipse.m2e.maven.runtime_3.8.701.20230209-1606\jars\maven-core-3.8.7.jar
2024-02-12 20:50:03,184 [Worker-16: Launching mavenrun-41b227c2-6ee4-4e06-9902-2f9905ee1725] INFO  o.eclipse.m2e.core.internal.Bundles - 	Entry: C:\Users\rahul\.p2\pool\plugins\org.eclipse.m2e.maven.runtime_3.8.701.20230209-1606\jars\maven-embedder-3.8.7.jar
2024-02-12 20:50:03,184 [Worker-16: Launching mavenrun-41b227c2-6ee4-4e06-9902-2f9905ee1725] INFO  o.eclipse.m2e.core.internal.Bundles - 	Entry: C:\Users\rahul\.p2\pool\plugins\org.eclipse.m2e.maven.runtime_3.8.701.20230209-1606\jars\maven-model-3.8.7.jar
2024-02-12 20:50:03,185 [Worker-16: Launching mavenrun-41b227c2-6ee4-4e06-9902-2f9905ee1725] INFO  o.eclipse.m2e.core.internal.Bundles - 	Entry: C:\Users\rahul\.p2\pool\plugins\org.eclipse.m2e.maven.runtime_3.8.701.20230209-1606\jars\maven-model-builder-3.8.7.jar
2024-02-12 20:50:03,185 [Worker-16: Launching mavenrun-41b227c2-6ee4-4e06-9902-2f9905ee1725] INFO  o.eclipse.m2e.core.internal.Bundles - 	Entry: C:\Users\rahul\.p2\pool\plugins\org.eclipse.m2e.maven.runtime_3.8.701.20230209-1606\jars\maven-plugin-api-3.8.7.jar
2024-02-12 20:50:03,185 [Worker-16: Launching mavenrun-41b227c2-6ee4-4e06-9902-2f9905ee1725] INFO  o.eclipse.m2e.core.internal.Bundles - 	Entry: C:\Users\rahul\.p2\pool\plugins\org.eclipse.m2e.maven.runtime_3.8.701.20230209-1606\jars\maven-repository-metadata-3.8.7.jar
2024-02-12 20:50:03,185 [Worker-16: Launching mavenrun-41b227c2-6ee4-4e06-9902-2f9905ee1725] INFO  o.eclipse.m2e.core.internal.Bundles - 	Entry: C:\Users\rahul\.p2\pool\plugins\org.eclipse.m2e.maven.runtime_3.8.701.20230209-1606\jars\maven-resolver-api-1.6.3.jar
2024-02-12 20:50:03,186 [Worker-16: Launching mavenrun-41b227c2-6ee4-4e06-9902-2f9905ee1725] INFO  o.eclipse.m2e.core.internal.Bundles - 	Entry: C:\Users\rahul\.p2\pool\plugins\org.eclipse.m2e.maven.runtime_3.8.701.20230209-1606\jars\maven-resolver-connector-basic-1.6.3.jar
2024-02-12 20:50:03,186 [Worker-16: Launching mavenrun-41b227c2-6ee4-4e06-9902-2f9905ee1725] INFO  o.eclipse.m2e.core.internal.Bundles - 	Entry: C:\Users\rahul\.p2\pool\plugins\org.eclipse.m2e.maven.runtime_3.8.701.20230209-1606\jars\maven-resolver-impl-1.6.3.jar
2024-02-12 20:50:03,186 [Worker-16: Launching mavenrun-41b227c2-6ee4-4e06-9902-2f9905ee1725] INFO  o.eclipse.m2e.core.internal.Bundles - 	Entry: C:\Users\rahul\.p2\pool\plugins\org.eclipse.m2e.maven.runtime_3.8.701.20230209-1606\jars\maven-resolver-provider-3.8.7.jar
2024-02-12 20:50:03,186 [Worker-16: Launching mavenrun-41b227c2-6ee4-4e06-9902-2f9905ee1725] INFO  o.eclipse.m2e.core.internal.Bundles - 	Entry: C:\Users\rahul\.p2\pool\plugins\org.eclipse.m2e.maven.runtime_3.8.701.20230209-1606\jars\maven-resolver-spi-1.6.3.jar
2024-02-12 20:50:03,186 [Worker-16: Launching mavenrun-41b227c2-6ee4-4e06-9902-2f9905ee1725] INFO  o.eclipse.m2e.core.internal.Bundles - 	Entry: C:\Users\rahul\.p2\pool\plugins\org.eclipse.m2e.maven.runtime_3.8.701.20230209-1606\jars\maven-resolver-transport-wagon-1.6.3.jar
2024-02-12 20:50:03,187 [Worker-16: Launching mavenrun-41b227c2-6ee4-4e06-9902-2f9905ee1725] INFO  o.eclipse.m2e.core.internal.Bundles - 	Entry: C:\Users\rahul\.p2\pool\plugins\org.eclipse.m2e.maven.runtime_3.8.701.20230209-1606\jars\maven-resolver-util-1.6.3.jar
2024-02-12 20:50:03,187 [Worker-16: Launching mavenrun-41b227c2-6ee4-4e06-9902-2f9905ee1725] INFO  o.eclipse.m2e.core.internal.Bundles - 	Entry: C:\Users\rahul\.p2\pool\plugins\org.eclipse.m2e.maven.runtime_3.8.701.20230209-1606\jars\maven-settings-3.8.7.jar
2024-02-12 20:50:03,187 [Worker-16: Launching mavenrun-41b227c2-6ee4-4e06-9902-2f9905ee1725] INFO  o.eclipse.m2e.core.internal.Bundles - 	Entry: C:\Users\rahul\.p2\pool\plugins\org.eclipse.m2e.maven.runtime_3.8.701.20230209-1606\jars\maven-settings-builder-3.8.7.jar
2024-02-12 20:50:03,187 [Worker-16: Launching mavenrun-41b227c2-6ee4-4e06-9902-2f9905ee1725] INFO  o.eclipse.m2e.core.internal.Bundles - 	Entry: C:\Users\rahul\.p2\pool\plugins\org.eclipse.m2e.maven.runtime_3.8.701.20230209-1606\jars\maven-shared-utils-3.3.4.jar
2024-02-12 20:50:03,187 [Worker-16: Launching mavenrun-41b227c2-6ee4-4e06-9902-2f9905ee1725] INFO  o.eclipse.m2e.core.internal.Bundles - 	Entry: C:\Users\rahul\.p2\pool\plugins\org.eclipse.m2e.maven.runtime_3.8.701.20230209-1606\jars\okhttp-3.14.1.jar
2024-02-12 20:50:03,188 [Worker-16: Launching mavenrun-41b227c2-6ee4-4e06-9902-2f9905ee1725] INFO  o.eclipse.m2e.core.internal.Bundles - 	Entry: C:\Users\rahul\.p2\pool\plugins\org.eclipse.m2e.maven.runtime_3.8.701.20230209-1606\jars\okio-1.17.3.jar
2024-02-12 20:50:03,188 [Worker-16: Launching mavenrun-41b227c2-6ee4-4e06-9902-2f9905ee1725] INFO  o.eclipse.m2e.core.internal.Bundles - 	Entry: C:\Users\rahul\.p2\pool\plugins\org.eclipse.m2e.maven.runtime_3.8.701.20230209-1606\jars\org.eclipse.sisu.inject-0.3.5.jar
2024-02-12 20:50:03,188 [Worker-16: Launching mavenrun-41b227c2-6ee4-4e06-9902-2f9905ee1725] INFO  o.eclipse.m2e.core.internal.Bundles - 	Entry: C:\Users\rahul\.p2\pool\plugins\org.eclipse.m2e.maven.runtime_3.8.701.20230209-1606\jars\org.eclipse.sisu.plexus-0.3.5.jar
2024-02-12 20:50:03,188 [Worker-16: Launching mavenrun-41b227c2-6ee4-4e06-9902-2f9905ee1725] INFO  o.eclipse.m2e.core.internal.Bundles - 	Entry: C:\Users\rahul\.p2\pool\plugins\org.eclipse.m2e.maven.runtime_3.8.701.20230209-1606\jars\plexus-build-api-0.0.7.jar
2024-02-12 20:50:03,189 [Worker-16: Launching mavenrun-41b227c2-6ee4-4e06-9902-2f9905ee1725] INFO  o.eclipse.m2e.core.internal.Bundles - 	Entry: C:\Users\rahul\.p2\pool\plugins\org.eclipse.m2e.maven.runtime_3.8.701.20230209-1606\jars\plexus-cipher-2.0.jar
2024-02-12 20:50:03,189 [Worker-16: Launching mavenrun-41b227c2-6ee4-4e06-9902-2f9905ee1725] INFO  o.eclipse.m2e.core.internal.Bundles - 	Entry: C:\Users\rahul\.p2\pool\plugins\org.eclipse.m2e.maven.runtime_3.8.701.20230209-1606\jars\plexus-classworlds-2.6.0.jar
2024-02-12 20:50:03,189 [Worker-16: Launching mavenrun-41b227c2-6ee4-4e06-9902-2f9905ee1725] INFO  o.eclipse.m2e.core.internal.Bundles - 	Entry: C:\Users\rahul\.p2\pool\plugins\org.eclipse.m2e.maven.runtime_3.8.701.20230209-1606\jars\plexus-component-annotations-2.1.0.jar
2024-02-12 20:50:03,190 [Worker-16: Launching mavenrun-41b227c2-6ee4-4e06-9902-2f9905ee1725] INFO  o.eclipse.m2e.core.internal.Bundles - 	Entry: C:\Users\rahul\.p2\pool\plugins\org.eclipse.m2e.maven.runtime_3.8.701.20230209-1606\jars\plexus-interpolation-1.26.jar
2024-02-12 20:50:03,190 [Worker-16: Launching mavenrun-41b227c2-6ee4-4e06-9902-2f9905ee1725] INFO  o.eclipse.m2e.core.internal.Bundles - 	Entry: C:\Users\rahul\.p2\pool\plugins\org.eclipse.m2e.maven.runtime_3.8.701.20230209-1606\jars\plexus-sec-dispatcher-2.0.jar
2024-02-12 20:50:03,190 [Worker-16: Launching mavenrun-41b227c2-6ee4-4e06-9902-2f9905ee1725] INFO  o.eclipse.m2e.core.internal.Bundles - 	Entry: C:\Users\rahul\.p2\pool\plugins\org.eclipse.m2e.maven.runtime_3.8.701.20230209-1606\jars\plexus-utils-3.3.1.jar
2024-02-12 20:50:03,191 [Worker-16: Launching mavenrun-41b227c2-6ee4-4e06-9902-2f9905ee1725] INFO  o.eclipse.m2e.core.internal.Bundles - 	Entry: C:\Users\rahul\.p2\pool\plugins\org.eclipse.m2e.maven.runtime_3.8.701.20230209-1606\jars\wagon-file-3.5.3.jar
2024-02-12 20:50:03,191 [Worker-16: Launching mavenrun-41b227c2-6ee4-4e06-9902-2f9905ee1725] INFO  o.eclipse.m2e.core.internal.Bundles - 	Entry: C:\Users\rahul\.p2\pool\plugins\org.eclipse.m2e.maven.runtime_3.8.701.20230209-1606\jars\wagon-provider-api-3.5.3.jar
2024-02-12 20:50:03,195 [Worker-16: Launching mavenrun-41b227c2-6ee4-4e06-9902-2f9905ee1725] INFO  o.eclipse.m2e.core.internal.Bundles - getClasspathEntries(Bundle=com.google.guava_31.1.0.jre [11])
2024-02-12 20:50:03,198 [Worker-16: Launching mavenrun-41b227c2-6ee4-4e06-9902-2f9905ee1725] INFO  o.eclipse.m2e.core.internal.Bundles - 	Entry: C:\Users\rahul\.p2\pool\plugins\com.google.guava_31.1.0.jre.jar
2024-02-12 20:50:03,198 [Worker-16: Launching mavenrun-41b227c2-6ee4-4e06-9902-2f9905ee1725] INFO  o.eclipse.m2e.core.internal.Bundles - getClasspathEntries(Bundle=slf4j.api_1.7.36 [921])
2024-02-12 20:50:03,200 [Worker-16: Launching mavenrun-41b227c2-6ee4-4e06-9902-2f9905ee1725] INFO  o.eclipse.m2e.core.internal.Bundles - 	Entry: C:\Users\rahul\.p2\pool\plugins\slf4j.api_1.7.36.jar
2024-02-12 20:50:03,201 [Worker-16: Launching mavenrun-41b227c2-6ee4-4e06-9902-2f9905ee1725] INFO  o.eclipse.m2e.core.internal.Bundles - getClasspathEntries(Bundle=javax.inject_1.0.0.v20220405-0441 [35])
2024-02-12 20:50:03,204 [Worker-16: Launching mavenrun-41b227c2-6ee4-4e06-9902-2f9905ee1725] INFO  o.eclipse.m2e.core.internal.Bundles - 	Entry: C:\Users\rahul\.p2\pool\plugins\javax.inject_1.0.0.v20220405-0441.jar
2024-02-12 20:50:03,204 [Worker-16: Launching mavenrun-41b227c2-6ee4-4e06-9902-2f9905ee1725] INFO  o.eclipse.m2e.core.internal.Bundles - getClasspathEntries(Bundle=javax.annotation_1.3.5.v20221203-1659 [33])
2024-02-12 20:50:03,206 [Worker-16: Launching mavenrun-41b227c2-6ee4-4e06-9902-2f9905ee1725] INFO  o.eclipse.m2e.core.internal.Bundles - 	Entry: C:\Users\rahul\.p2\pool\plugins\javax.annotation_1.3.5.v20221203-1659.jar
2024-02-12 20:50:03,206 [Worker-16: Launching mavenrun-41b227c2-6ee4-4e06-9902-2f9905ee1725] INFO  o.eclipse.m2e.core.internal.Bundles - getClasspathEntries(Bundle=org.apache.commons.cli_1.4.0.v20221112-0806 [67])
2024-02-12 20:50:03,208 [Worker-16: Launching mavenrun-41b227c2-6ee4-4e06-9902-2f9905ee1725] INFO  o.eclipse.m2e.core.internal.Bundles - 	Entry: C:\Users\rahul\.p2\pool\plugins\org.apache.commons.cli_1.4.0.v20221112-0806.jar
2024-02-12 20:50:03,208 [Worker-16: Launching mavenrun-41b227c2-6ee4-4e06-9902-2f9905ee1725] INFO  o.eclipse.m2e.core.internal.Bundles - getClasspathEntries(Bundle=com.google.guava.failureaccess_1.0.1 [13])
2024-02-12 20:50:03,210 [Worker-16: Launching mavenrun-41b227c2-6ee4-4e06-9902-2f9905ee1725] INFO  o.eclipse.m2e.core.internal.Bundles - 	Entry: C:\Users\rahul\.p2\pool\plugins\com.google.guava.failureaccess_1.0.1.jar
2024-02-12 20:50:03,226 [Worker-16: Launching mavenrun-41b227c2-6ee4-4e06-9902-2f9905ee1725] INFO  o.e.m.i.launch.MavenLaunchDelegate - Run build in "C:\Users\rahul\AppData\Local\Temp\m2e-archetypeGenerator2650200577260760702":
2024-02-12 20:50:03,234 [Worker-16: Launching mavenrun-41b227c2-6ee4-4e06-9902-2f9905ee1725] INFO  o.e.m.i.launch.MavenLaunchDelegate -  mvn  -DarchetypeGroupId=org.glassfish.jersey.archetypes -DarchetypeArtifactId=jersey-quickstart-webapp -DarchetypeVersion=3.1.5 -DgroupId=com.simpli.hellorest -DartifactId=hello-rest -Dversion=0.0.1-SNAPSHOT -Dpackage=com.simpli.hellorest -DoutputDirectory=C:\Users\rahul\eclipse-workspace5\REST_API -Dstyle.color=always -U archetype:generate
2024-02-12 20:50:17,544 [Worker-3: Creating jersey-quickstart-webapp] INFO  o.e.m.c.i.p.ProjectConfigurationManager - Collecting project info '/pom.xml' C:\Users\rahul\eclipse-workspace5\REST_API\hello-rest\pom.xml
2024-02-12 20:50:18,785 [Worker-3: Creating jersey-quickstart-webapp] INFO  o.e.m.c.i.l.LifecycleMappingFactory - Using org.maven.ide.eclipse.wtp.WarLifecycleMapping lifecycle mapping for MavenProject: com.simpli.hellorest:hello-rest:0.0.1-SNAPSHOT @ C:\Users\rahul\eclipse-workspace5\REST_API\hello-rest\pom.xml.
2024-02-12 20:50:20,738 [Worker-3: Creating jersey-quickstart-webapp] INFO  o.e.m.j.i.AbstractJavaProjectConfigurator - Adding source folder /hello-rest/src/main/java
2024-02-12 20:50:20,739 [Worker-3: Creating jersey-quickstart-webapp] INFO  o.e.m.j.i.AbstractJavaProjectConfigurator - Adding resource folder /hello-rest/src/main/resources
2024-02-12 20:50:20,750 [Worker-3: Creating jersey-quickstart-webapp] INFO  o.e.m.j.i.AbstractJavaProjectConfigurator - Adding source folder /hello-rest/src/test/java
2024-02-12 20:50:20,755 [Worker-3: Creating jersey-quickstart-webapp] ERROR o.e.m.j.i.AbstractJavaProjectConfigurator - Failed to find a compatible VM for environment id 'JavaSE-1.8', falling back to workspace default
2024-02-12 20:50:24,614 [Worker-3: Creating jersey-quickstart-webapp] INFO  o.e.m.c.i.p.ProjectConfigurationManager - Imported and configured 1 project(s) in 7 sec
2024-02-12 20:50:25,978 [Worker-24: Building] INFO  o.e.m.c.i.embedder.EclipseLogger - Using 'UTF-8' encoding to copy filtered resources.
2024-02-12 20:50:26,007 [Worker-24: Building] INFO  o.e.m.c.i.embedder.EclipseLogger - Copying 0 resource
2024-02-12 20:50:26,019 [Worker-24: Building] INFO  o.e.m.c.i.embedder.EclipseLogger - Using 'UTF-8' encoding to copy filtered resources.
2024-02-12 20:50:26,020 [Worker-24: Building] INFO  o.e.m.c.i.embedder.EclipseLogger - skip non existing resourceDirectory C:\Users\rahul\eclipse-workspace5\REST_API\hello-rest\src\test\resources
2024-02-12 20:55:55,906 [Worker-3: Building] INFO  o.e.m.c.i.embedder.EclipseLogger - Using 'UTF-8' encoding to copy filtered resources.
2024-02-12 20:55:55,969 [Worker-3: Building] INFO  o.e.m.c.i.embedder.EclipseLogger - Copying 0 resource
2024-02-12 20:55:55,972 [Worker-3: Building] INFO  o.e.m.c.i.embedder.EclipseLogger - Using 'UTF-8' encoding to copy filtered resources.
2024-02-12 20:55:55,973 [Worker-3: Building] INFO  o.e.m.c.i.embedder.EclipseLogger - skip non existing resourceDirectory C:\Users\rahul\eclipse-workspace5\REST_API\hello-rest\src\test\resources
2024-02-12 20:56:59,033 [Worker-27: Building] INFO  o.e.m.c.i.embedder.EclipseLogger - Using 'UTF-8' encoding to copy filtered resources.
2024-02-12 20:56:59,035 [Worker-27: Building] INFO  o.e.m.c.i.embedder.EclipseLogger - Copying 0 resource
2024-02-12 20:56:59,042 [Worker-27: Building] INFO  o.e.m.c.i.embedder.EclipseLogger - Using 'UTF-8' encoding to copy filtered resources.
2024-02-12 20:56:59,042 [Worker-27: Building] INFO  o.e.m.c.i.embedder.EclipseLogger - skip non existing resourceDirectory C:\Users\rahul\eclipse-workspace5\REST_API\hello-rest\src\test\resources
2024-02-12 20:57:06,515 [Worker-26: Building] INFO  o.e.m.c.i.embedder.EclipseLogger - Using 'UTF-8' encoding to copy filtered resources.
2024-02-12 20:57:06,517 [Worker-26: Building] INFO  o.e.m.c.i.embedder.EclipseLogger - Copying 0 resource
2024-02-12 20:57:06,521 [Worker-26: Building] INFO  o.e.m.c.i.embedder.EclipseLogger - Using 'UTF-8' encoding to copy filtered resources.
2024-02-12 20:57:06,521 [Worker-26: Building] INFO  o.e.m.c.i.embedder.EclipseLogger - skip non existing resourceDirectory C:\Users\rahul\eclipse-workspace5\REST_API\hello-rest\src\test\resources
2024-02-12 20:58:41,905 [Worker-3: Building] INFO  o.e.m.c.i.embedder.EclipseLogger - Using 'UTF-8' encoding to copy filtered resources.
2024-02-12 20:58:41,906 [Worker-3: Building] INFO  o.e.m.c.i.embedder.EclipseLogger - Copying 0 resource
2024-02-12 20:58:41,909 [Worker-3: Building] INFO  o.e.m.c.i.embedder.EclipseLogger - Using 'UTF-8' encoding to copy filtered resources.
2024-02-12 20:58:41,909 [Worker-3: Building] INFO  o.e.m.c.i.embedder.EclipseLogger - skip non existing resourceDirectory C:\Users\rahul\eclipse-workspace5\REST_API\hello-rest\src\test\resources
2024-02-12 21:01:41,844 [Worker-24: Building] INFO  o.e.m.c.i.embedder.EclipseLogger - Using 'UTF-8' encoding to copy filtered resources.
2024-02-12 21:01:41,845 [Worker-24: Building] INFO  o.e.m.c.i.embedder.EclipseLogger - Copying 0 resource
2024-02-12 21:01:41,849 [Worker-24: Building] INFO  o.e.m.c.i.embedder.EclipseLogger - Using 'UTF-8' encoding to copy filtered resources.
2024-02-12 21:01:41,849 [Worker-24: Building] INFO  o.e.m.c.i.embedder.EclipseLogger - skip non existing resourceDirectory C:\Users\rahul\eclipse-workspace5\REST_API\hello-rest\src\test\resources
2024-02-12 21:03:12,428 [Worker-30: Building] INFO  o.e.m.c.i.l.LifecycleMappingFactory - Using org.maven.ide.eclipse.wtp.WarLifecycleMapping lifecycle mapping for MavenProject: com.simpli.hellorest:hello-rest:0.0.1-SNAPSHOT @ C:\Users\rahul\eclipse-workspace5\REST_API\hello-rest\pom.xml.
2024-02-12 21:03:13,726 [Worker-30: Building] INFO  o.e.m.c.i.embedder.EclipseLogger - Using 'UTF-8' encoding to copy filtered resources.
2024-02-12 21:03:13,729 [Worker-30: Building] INFO  o.e.m.c.i.embedder.EclipseLogger - Copying 0 resource
2024-02-12 21:03:13,735 [Worker-30: Building] INFO  o.e.m.c.i.embedder.EclipseLogger - Using 'UTF-8' encoding to copy filtered resources.
2024-02-12 21:03:13,737 [Worker-30: Building] INFO  o.e.m.c.i.embedder.EclipseLogger - skip non existing resourceDirectory C:\Users\rahul\eclipse-workspace5\REST_API\hello-rest\src\test\resources
2024-02-12 21:03:13,738 [Worker-30: Building] INFO  o.e.m.w.i.f.ResourceFilteringBuildParticipant - Changed resources require a complete clean of filtered resources of hello-rest
2024-02-12 21:03:13,741 [Worker-30: Building] INFO  o.e.m.w.i.f.ResourceFilteringBuildParticipant - Executing resource filtering for hello-rest
2024-02-12 21:04:28,821 [Worker-33: Building] INFO  o.e.m.c.i.embedder.EclipseLogger - Using 'UTF-8' encoding to copy filtered resources.
2024-02-12 21:04:28,821 [Worker-33: Building] INFO  o.e.m.c.i.embedder.EclipseLogger - Copying 0 resource
2024-02-12 21:04:28,824 [Worker-33: Building] INFO  o.e.m.c.i.embedder.EclipseLogger - Using 'UTF-8' encoding to copy filtered resources.
2024-02-12 21:04:28,825 [Worker-33: Building] INFO  o.e.m.c.i.embedder.EclipseLogger - skip non existing resourceDirectory C:\Users\rahul\eclipse-workspace5\REST_API\hello-rest\src\test\resources
2024-02-12 21:04:56,565 [Worker-28: Updating Maven Project] INFO  o.e.m.c.i.p.ProjectConfigurationManager - Update started
2024-02-12 21:04:57,068 [Worker-28: Updating Maven Project] INFO  o.e.m.c.i.l.LifecycleMappingFactory - Using org.maven.ide.eclipse.wtp.WarLifecycleMapping lifecycle mapping for MavenProject: com.simpli.hellorest:hello-rest:0.0.1-SNAPSHOT @ C:\Users\rahul\eclipse-workspace5\REST_API\hello-rest\pom.xml.
2024-02-12 21:04:58,034 [Worker-28: Updating Maven Project] INFO  o.e.m.j.i.AbstractJavaProjectConfigurator - Adding source folder /hello-rest/src/main/java
2024-02-12 21:04:58,035 [Worker-28: Updating Maven Project] INFO  o.e.m.j.i.AbstractJavaProjectConfigurator - Adding resource folder /hello-rest/src/main/resources
2024-02-12 21:04:58,036 [Worker-28: Updating Maven Project] INFO  o.e.m.j.i.AbstractJavaProjectConfigurator - Adding source folder /hello-rest/src/test/java
2024-02-12 21:04:58,036 [Worker-28: Updating Maven Project] ERROR o.e.m.j.i.AbstractJavaProjectConfigurator - Failed to find a compatible VM for environment id 'JavaSE-1.8', falling back to workspace default
2024-02-12 21:04:59,066 [Worker-28: Updating Maven Project] INFO  o.e.m.w.i.f.ResourceFilteringBuildParticipant - Cleaning filtered folder for hello-rest
2024-02-12 21:04:59,123 [Worker-28: Updating Maven Project] INFO  o.e.m.c.i.p.ProjectConfigurationManager - Update completed for 1 poms: local refresh takes 0.00 sec, refresh facades takes 1.00 sec, update config takes 0.00 sec 
2024-02-12 21:04:59,524 [Worker-32: Building] INFO  o.e.m.c.i.embedder.EclipseLogger - Using 'UTF-8' encoding to copy filtered resources.
2024-02-12 21:04:59,527 [Worker-32: Building] INFO  o.e.m.c.i.embedder.EclipseLogger - Copying 0 resource
2024-02-12 21:04:59,533 [Worker-32: Building] INFO  o.e.m.c.i.embedder.EclipseLogger - Using 'UTF-8' encoding to copy filtered resources.
2024-02-12 21:04:59,534 [Worker-32: Building] INFO  o.e.m.c.i.embedder.EclipseLogger - skip non existing resourceDirectory C:\Users\rahul\eclipse-workspace5\REST_API\hello-rest\src\test\resources
2024-02-12 21:04:59,535 [Worker-32: Building] INFO  o.e.m.w.i.f.ResourceFilteringBuildParticipant - Changed resources require a complete clean of filtered resources of hello-rest
2024-02-12 21:04:59,535 [Worker-32: Building] INFO  o.e.m.w.i.f.ResourceFilteringBuildParticipant - Executing resource filtering for hello-rest
2024-02-12 21:08:31,636 [Worker-42: Building] INFO  o.e.m.c.i.embedder.EclipseLogger - Using 'UTF-8' encoding to copy filtered resources.
2024-02-12 21:08:31,641 [Worker-42: Building] INFO  o.e.m.c.i.embedder.EclipseLogger - Copying 0 resource
2024-02-12 21:08:31,643 [Worker-42: Building] INFO  o.e.m.c.i.embedder.EclipseLogger - Using 'UTF-8' encoding to copy filtered resources.
2024-02-12 21:08:31,643 [Worker-42: Building] INFO  o.e.m.c.i.embedder.EclipseLogger - skip non existing resourceDirectory C:\Users\rahul\eclipse-workspace5\REST_API\hello-rest\src\test\resources
2024-02-12 21:10:10,874 [Worker-32: Building] INFO  o.e.m.c.i.embedder.EclipseLogger - Using 'UTF-8' encoding to copy filtered resources.
2024-02-12 21:10:10,874 [Worker-32: Building] INFO  o.e.m.c.i.embedder.EclipseLogger - Copying 0 resource
2024-02-12 21:10:10,877 [Worker-32: Building] INFO  o.e.m.c.i.embedder.EclipseLogger - Using 'UTF-8' encoding to copy filtered resources.
2024-02-12 21:10:10,877 [Worker-32: Building] INFO  o.e.m.c.i.embedder.EclipseLogger - skip non existing resourceDirectory C:\Users\rahul\eclipse-workspace5\REST_API\hello-rest\src\test\resources
2024-02-12 21:10:22,421 [Worker-36: Building] INFO  o.e.m.c.i.embedder.EclipseLogger - Using 'UTF-8' encoding to copy filtered resources.
2024-02-12 21:10:22,422 [Worker-36: Building] INFO  o.e.m.c.i.embedder.EclipseLogger - Copying 0 resource
